2017-08-16 09:45:22.690 ERROR ASP.global_asax: Application_Error:/Handlers/OrderHandler.ashx</br>Unknown column 'UUV37BAFSO573FXH' in 'where clause';MySql.Data;   在 MySql.Data.MySqlClient.MySqlStream.OpenPacket()
   在 MySql.Data.MySqlClient.NativeDriver.ReadResult(UInt64& affectedRows, Int64& lastInsertId)
   在 MySql.Data.MySqlClient.MySqlDataReader.GetResultSet()
   在 MySql.Data.MySqlClient.MySqlDataReader.NextResult()
   在 MySql.Data.MySqlClient.MySqlCommand.ExecuteReader(CommandBehavior behavior)
   在 MySql.Data.MySqlClient.MySqlCommand.ExecuteDbDataReader(CommandBehavior behavior)
   在 System.Data.Common.DbCommand.System.Data.IDbCommand.ExecuteReader(CommandBehavior behavior)
   在 System.Data.Common.DbDataAdapter.FillInternal(DataSet dataset, DataTable[] datatables, Int32 startRecord, Int32 maxRecords, String srcTable, IDbCommand command, CommandBehavior behavior)
   在 System.Data.Common.DbDataAdapter.Fill(DataSet dataSet, Int32 startRecord, Int32 maxRecords, String srcTable, IDbCommand command, CommandBehavior behavior)
   在 System.Data.Common.DbDataAdapter.Fill(DataSet dataSet)
   在 AllTrustUs.SquirrelPocket.Utility.MySqlHelp.ExecuteDataTable(String cmdText, MySqlParameter[] cmdParms) 位置 d:\Spreadtrum\21.水果\Fruit\SquirrelPocket\SquirrelPocket\Utility\MySqlHelp.cs:行号 94
   在 AllTrustUs.SquirrelPocket.Utility.MySqlHelp.ExecuteDataTable(String cmdText) 位置 d:\Spreadtrum\21.水果\Fruit\SquirrelPocket\SquirrelPocket\Utility\MySqlHelp.cs:行号 103
   在 AllTrustUs.SquirrelPocket.Handlers.OrderHandler.ProcessRequest(HttpContext context) 位置 d:\Spreadtrum\21.水果\Fruit\SquirrelPocket\SquirrelPocket\Handlers\OrderHandler.ashx.cs:行号 262
   在 System.Web.HttpApplication.CallHandlerExecutionStep.System.Web.HttpApplication.IExecutionStep.Execute()
   在 System.Web.HttpApplication.ExecuteStep(IExecutionStep step, Boolean& completedSynchronously)
2017-08-16 09:46:19.518 ERROR ASP.global_asax: Application_Error:/Handlers/OrderHandler.ashx</br>序列化类型为“System.Reflection.RuntimeModule”的对象时检测到循环引用。;System.Web.Extensions;   在 System.Web.Script.Serialization.JavaScriptSerializer.SerializeValueInternal(Object o, StringBuilder sb, Int32 depth, Hashtable objectsInUse, SerializationFormat serializationFormat, MemberInfo currentMember)
   在 System.Web.Script.Serialization.JavaScriptSerializer.SerializeValue(Object o, StringBuilder sb, Int32 depth, Hashtable objectsInUse, SerializationFormat serializationFormat, MemberInfo currentMember)
   在 System.Web.Script.Serialization.JavaScriptSerializer.SerializeCustomObject(Object o, StringBuilder sb, Int32 depth, Hashtable objectsInUse, SerializationFormat serializationFormat)
   在 System.Web.Script.Serialization.JavaScriptSerializer.SerializeValueInternal(Object o, StringBuilder sb, Int32 depth, Hashtable objectsInUse, SerializationFormat serializationFormat, MemberInfo currentMember)
   在 System.Web.Script.Serialization.JavaScriptSerializer.SerializeValue(Object o, StringBuilder sb, Int32 depth, Hashtable objectsInUse, SerializationFormat serializationFormat, MemberInfo currentMember)
   在 System.Web.Script.Serialization.JavaScriptSerializer.SerializeEnumerable(IEnumerable enumerable, StringBuilder sb, Int32 depth, Hashtable objectsInUse, SerializationFormat serializationFormat)
   在 System.Web.Script.Serialization.JavaScriptSerializer.SerializeValueInternal(Object o, StringBuilder sb, Int32 depth, Hashtable objectsInUse, SerializationFormat serializationFormat, MemberInfo currentMember)
   在 System.Web.Script.Serialization.JavaScriptSerializer.SerializeValue(Object o, StringBuilder sb, Int32 depth, Hashtable objectsInUse, SerializationFormat serializationFormat, MemberInfo currentMember)
   在 System.Web.Script.Serialization.JavaScriptSerializer.SerializeCustomObject(Object o, StringBuilder sb, Int32 depth, Hashtable objectsInUse, SerializationFormat serializationFormat)
   在 System.Web.Script.Serialization.JavaScriptSerializer.SerializeValueInternal(Object o, StringBuilder sb, Int32 depth, Hashtable objectsInUse, SerializationFormat serializationFormat, MemberInfo currentMember)
   在 System.Web.Script.Serialization.JavaScriptSerializer.SerializeValue(Object o, StringBuilder sb, Int32 depth, Hashtable objectsInUse, SerializationFormat serializationFormat, MemberInfo currentMember)
   在 System.Web.Script.Serialization.JavaScriptSerializer.SerializeCustomObject(Object o, StringBuilder sb, Int32 depth, Hashtable objectsInUse, SerializationFormat serializationFormat)
   在 System.Web.Script.Serialization.JavaScriptSerializer.SerializeValueInternal(Object o, StringBuilder sb, Int32 depth, Hashtable objectsInUse, SerializationFormat serializationFormat, MemberInfo currentMember)
   在 System.Web.Script.Serialization.JavaScriptSerializer.SerializeValue(Object o, StringBuilder sb, Int32 depth, Hashtable objectsInUse, SerializationFormat serializationFormat, MemberInfo currentMember)
   在 System.Web.Script.Serialization.JavaScriptSerializer.SerializeCustomObject(Object o, StringBuilder sb, Int32 depth, Hashtable objectsInUse, SerializationFormat serializationFormat)
   在 System.Web.Script.Serialization.JavaScriptSerializer.SerializeValueInternal(Object o, StringBuilder sb, Int32 depth, Hashtable objectsInUse, SerializationFormat serializationFormat, MemberInfo currentMember)
   在 System.Web.Script.Serialization.JavaScriptSerializer.SerializeValue(Object o, StringBuilder sb, Int32 depth, Hashtable objectsInUse, SerializationFormat serializationFormat, MemberInfo currentMember)
   在 System.Web.Script.Serialization.JavaScriptSerializer.SerializeCustomObject(Object o, StringBuilder sb, Int32 depth, Hashtable objectsInUse, SerializationFormat serializationFormat)
   在 System.Web.Script.Serialization.JavaScriptSerializer.SerializeValueInternal(Object o, StringBuilder sb, Int32 depth, Hashtable objectsInUse, SerializationFormat serializationFormat, MemberInfo currentMember)
   在 System.Web.Script.Serialization.JavaScriptSerializer.SerializeValue(Object o, StringBuilder sb, Int32 depth, Hashtable objectsInUse, SerializationFormat serializationFormat, MemberInfo currentMember)
   在 System.Web.Script.Serialization.JavaScriptSerializer.SerializeEnumerable(IEnumerable enumerable, StringBuilder sb, Int32 depth, Hashtable objectsInUse, SerializationFormat serializationFormat)
   在 System.Web.Script.Serialization.JavaScriptSerializer.SerializeValueInternal(Object o, StringBuilder sb, Int32 depth, Hashtable objectsInUse, SerializationFormat serializationFormat, MemberInfo currentMember)
   在 System.Web.Script.Serialization.JavaScriptSerializer.SerializeValue(Object o, StringBuilder sb, Int32 depth, Hashtable objectsInUse, SerializationFormat serializationFormat, MemberInfo currentMember)
   在 System.Web.Script.Serialization.JavaScriptSerializer.SerializeCustomObject(Object o, StringBuilder sb, Int32 depth, Hashtable objectsInUse, SerializationFormat serializationFormat)
   在 System.Web.Script.Serialization.JavaScriptSerializer.SerializeValueInternal(Object o, StringBuilder sb, Int32 depth, Hashtable objectsInUse, SerializationFormat serializationFormat, MemberInfo currentMember)
   在 System.Web.Script.Serialization.JavaScriptSerializer.SerializeValue(Object o, StringBuilder sb, Int32 depth, Hashtable objectsInUse, SerializationFormat serializationFormat, MemberInfo currentMember)
   在 System.Web.Script.Serialization.JavaScriptSerializer.Serialize(Object obj, StringBuilder output, SerializationFormat serializationFormat)
   在 System.Web.Script.Serialization.JavaScriptSerializer.Serialize(Object obj, SerializationFormat serializationFormat)
   在 System.Web.Script.Serialization.JavaScriptSerializer.Serialize(Object obj)
   在 AllTrustUs.SquirrelPocket.Utility.JsonUtility.ToJSONString(Object obj) 位置 d:\Spreadtrum\21.水果\Fruit\SquirrelPocket\SquirrelPocket\Utility\JsonUtility.cs:行号 19
   在 AllTrustUs.SquirrelPocket.Handlers.OrderHandler.ProcessRequest(HttpContext context) 位置 d:\Spreadtrum\21.水果\Fruit\SquirrelPocket\SquirrelPocket\Handlers\OrderHandler.ashx.cs:行号 265
   在 System.Web.HttpApplication.CallHandlerExecutionStep.System.Web.HttpApplication.IExecutionStep.Execute()
   在 System.Web.HttpApplication.ExecuteStep(IExecutionStep step, Boolean& completedSynchronously)
2017-08-16 09:47:41.568 ERROR ASP.global_asax: Application_Error:/Handlers/OrderHandler.ashx</br>序列化类型为“System.Reflection.RuntimeModule”的对象时检测到循环引用。;System.Web.Extensions;   在 System.Web.Script.Serialization.JavaScriptSerializer.SerializeValueInternal(Object o, StringBuilder sb, Int32 depth, Hashtable objectsInUse, SerializationFormat serializationFormat, MemberInfo currentMember)
   在 System.Web.Script.Serialization.JavaScriptSerializer.SerializeValue(Object o, StringBuilder sb, Int32 depth, Hashtable objectsInUse, SerializationFormat serializationFormat, MemberInfo currentMember)
   在 System.Web.Script.Serialization.JavaScriptSerializer.SerializeCustomObject(Object o, StringBuilder sb, Int32 depth, Hashtable objectsInUse, SerializationFormat serializationFormat)
   在 System.Web.Script.Serialization.JavaScriptSerializer.SerializeValueInternal(Object o, StringBuilder sb, Int32 depth, Hashtable objectsInUse, SerializationFormat serializationFormat, MemberInfo currentMember)
   在 System.Web.Script.Serialization.JavaScriptSerializer.SerializeValue(Object o, StringBuilder sb, Int32 depth, Hashtable objectsInUse, SerializationFormat serializationFormat, MemberInfo currentMember)
   在 System.Web.Script.Serialization.JavaScriptSerializer.SerializeEnumerable(IEnumerable enumerable, StringBuilder sb, Int32 depth, Hashtable objectsInUse, SerializationFormat serializationFormat)
   在 System.Web.Script.Serialization.JavaScriptSerializer.SerializeValueInternal(Object o, StringBuilder sb, Int32 depth, Hashtable objectsInUse, SerializationFormat serializationFormat, MemberInfo currentMember)
   在 System.Web.Script.Serialization.JavaScriptSerializer.SerializeValue(Object o, StringBuilder sb, Int32 depth, Hashtable objectsInUse, SerializationFormat serializationFormat, MemberInfo currentMember)
   在 System.Web.Script.Serialization.JavaScriptSerializer.SerializeCustomObject(Object o, StringBuilder sb, Int32 depth, Hashtable objectsInUse, SerializationFormat serializationFormat)
   在 System.Web.Script.Serialization.JavaScriptSerializer.SerializeValueInternal(Object o, StringBuilder sb, Int32 depth, Hashtable objectsInUse, SerializationFormat serializationFormat, MemberInfo currentMember)
   在 System.Web.Script.Serialization.JavaScriptSerializer.SerializeValue(Object o, StringBuilder sb, Int32 depth, Hashtable objectsInUse, SerializationFormat serializationFormat, MemberInfo currentMember)
   在 System.Web.Script.Serialization.JavaScriptSerializer.SerializeCustomObject(Object o, StringBuilder sb, Int32 depth, Hashtable objectsInUse, SerializationFormat serializationFormat)
   在 System.Web.Script.Serialization.JavaScriptSerializer.SerializeValueInternal(Object o, StringBuilder sb, Int32 depth, Hashtable objectsInUse, SerializationFormat serializationFormat, MemberInfo currentMember)
   在 System.Web.Script.Serialization.JavaScriptSerializer.SerializeValue(Object o, StringBuilder sb, Int32 depth, Hashtable objectsInUse, SerializationFormat serializationFormat, MemberInfo currentMember)
   在 System.Web.Script.Serialization.JavaScriptSerializer.SerializeCustomObject(Object o, StringBuilder sb, Int32 depth, Hashtable objectsInUse, SerializationFormat serializationFormat)
   在 System.Web.Script.Serialization.JavaScriptSerializer.SerializeValueInternal(Object o, StringBuilder sb, Int32 depth, Hashtable objectsInUse, SerializationFormat serializationFormat, MemberInfo currentMember)
   在 System.Web.Script.Serialization.JavaScriptSerializer.SerializeValue(Object o, StringBuilder sb, Int32 depth, Hashtable objectsInUse, SerializationFormat serializationFormat, MemberInfo currentMember)
   在 System.Web.Script.Serialization.JavaScriptSerializer.SerializeCustomObject(Object o, StringBuilder sb, Int32 depth, Hashtable objectsInUse, SerializationFormat serializationFormat)
   在 System.Web.Script.Serialization.JavaScriptSerializer.SerializeValueInternal(Object o, StringBuilder sb, Int32 depth, Hashtable objectsInUse, SerializationFormat serializationFormat, MemberInfo currentMember)
   在 System.Web.Script.Serialization.JavaScriptSerializer.SerializeValue(Object o, StringBuilder sb, Int32 depth, Hashtable objectsInUse, SerializationFormat serializationFormat, MemberInfo currentMember)
   在 System.Web.Script.Serialization.JavaScriptSerializer.SerializeEnumerable(IEnumerable enumerable, StringBuilder sb, Int32 depth, Hashtable objectsInUse, SerializationFormat serializationFormat)
   在 System.Web.Script.Serialization.JavaScriptSerializer.SerializeValueInternal(Object o, StringBuilder sb, Int32 depth, Hashtable objectsInUse, SerializationFormat serializationFormat, MemberInfo currentMember)
   在 System.Web.Script.Serialization.JavaScriptSerializer.SerializeValue(Object o, StringBuilder sb, Int32 depth, Hashtable objectsInUse, SerializationFormat serializationFormat, MemberInfo currentMember)
   在 System.Web.Script.Serialization.JavaScriptSerializer.SerializeCustomObject(Object o, StringBuilder sb, Int32 depth, Hashtable objectsInUse, SerializationFormat serializationFormat)
   在 System.Web.Script.Serialization.JavaScriptSerializer.SerializeValueInternal(Object o, StringBuilder sb, Int32 depth, Hashtable objectsInUse, SerializationFormat serializationFormat, MemberInfo currentMember)
   在 System.Web.Script.Serialization.JavaScriptSerializer.SerializeValue(Object o, StringBuilder sb, Int32 depth, Hashtable objectsInUse, SerializationFormat serializationFormat, MemberInfo currentMember)
   在 System.Web.Script.Serialization.JavaScriptSerializer.Serialize(Object obj, StringBuilder output, SerializationFormat serializationFormat)
   在 System.Web.Script.Serialization.JavaScriptSerializer.Serialize(Object obj, SerializationFormat serializationFormat)
   在 System.Web.Script.Serialization.JavaScriptSerializer.Serialize(Object obj)
   在 AllTrustUs.SquirrelPocket.Utility.JsonUtility.ToJSONString(Object obj) 位置 d:\Spreadtrum\21.水果\Fruit\SquirrelPocket\SquirrelPocket\Utility\JsonUtility.cs:行号 19
   在 AllTrustUs.SquirrelPocket.Handlers.OrderHandler.ProcessRequest(HttpContext context) 位置 d:\Spreadtrum\21.水果\Fruit\SquirrelPocket\SquirrelPocket\Handlers\OrderHandler.ashx.cs:行号 265
   在 System.Web.HttpApplication.CallHandlerExecutionStep.System.Web.HttpApplication.IExecutionStep.Execute()
   在 System.Web.HttpApplication.ExecuteStep(IExecutionStep step, Boolean& completedSynchronously)
2017-08-16 12:25:28.100 INFO AllTrustUs.SquirrelPocket.Utility.EmailHelper: 操作已超时。   在 System.Net.Mail.SmtpClient.Send(MailMessage message)
   在 AllTrustUs.SquirrelPocket.Utility.EmailHelper.SendMail(String subject, String body) 位置 d:\Spreadtrum\21.水果\Fruit\SquirrelPocket\SquirrelPocket\Utility\EmailHelper.cs:行号 55
2017-08-16 12:25:28.207 DEBUG WxPayApi: UnfiedOrder request : <xml><appid><![CDATA[wxab45dbde2ce2c914]]></appid><attach><![CDATA[testattach]]></attach><body><![CDATA[松鼠兜兜水果]]></body><goods_tag><![CDATA[testgoods_tag]]></goods_tag><mch_id><![CDATA[1403786202]]></mch_id><nonce_str><![CDATA[434c94ae5685403b9838d44a5af04e10]]></nonce_str><notify_url><![CDATA[http://www.trustus.cn/order/WXPayResult.aspx]]></notify_url><openid><![CDATA[okou5v6zJqXG1dSta-IjgTmxQ-dE]]></openid><out_trade_no><![CDATA[140378620220170816122347624]]></out_trade_no><sign><![CDATA[18457E9629376E05275C25A28E8751FA]]></sign><spbill_create_ip><![CDATA[114.215.186.24]]></spbill_create_ip><time_expire><![CDATA[20170816123528]]></time_expire><time_start><![CDATA[20170816122528]]></time_start><total_fee>1</total_fee><trade_type><![CDATA[JSAPI]]></trade_type></xml>
2017-08-16 12:25:28.611 DEBUG WxPayApi: UnfiedOrder response : <xml><return_code><![CDATA[SUCCESS]]></return_code>
<return_msg><![CDATA[OK]]></return_msg>
<appid><![CDATA[wxab45dbde2ce2c914]]></appid>
<mch_id><![CDATA[1403786202]]></mch_id>
<nonce_str><![CDATA[9J6uJwU34RyH1izS]]></nonce_str>
<sign><![CDATA[3B4FD153FCF46415ABCEE1CA319C4382]]></sign>
<result_code><![CDATA[SUCCESS]]></result_code>
<prepay_id><![CDATA[wx20170816122528578500f4910360412398]]></prepay_id>
<trade_type><![CDATA[JSAPI]]></trade_type>
</xml>
2017-08-16 12:25:28.615 DEBUG AllTrustUs.WXPayAPILib.JsApiPay: JsApiPay::GetJsApiParam is processing...
2017-08-16 12:25:28.633 DEBUG AllTrustUs.WXPayAPILib.JsApiPay: Get jsApiParam : {"appId":"wxab45dbde2ce2c914","nonceStr":"aa385f42396446cbbffd710df040165e","package":"prepay_id=wx20170816122528578500f4910360412398","paySign":"2421F00A9E793FFE13B39721F497C49A","signType":"MD5","timeStamp":"1502857529"}
2017-08-16 12:25:28.636 DEBUG ASP.order_wxpay_aspx: wxJsApiParam : {"appId":"wxab45dbde2ce2c914","nonceStr":"aa385f42396446cbbffd710df040165e","package":"prepay_id=wx20170816122528578500f4910360412398","paySign":"2421F00A9E793FFE13B39721F497C49A","signType":"MD5","timeStamp":"1502857529"}
2017-08-16 12:25:28.683 INFO Check AuthorizationCheck Begin: =========2017/08/16 12:25:28
2017-08-16 12:25:28.686 DEBUG ASP.authorizationcheck_aspx: Will Redirect to URL : https://open.weixin.qq.com/connect/oauth2/authorize?appid=wxab45dbde2ce2c914&redirect_uri=http%3a%2f%2flocalhost%2fAuthorizationCheck.aspx%3fActionPage%3d%2fOrder%2fWXPay.aspx%3fopenid%3dokou5v6zJqXG1dSta-IjgTmxQ-dE%26total_fee%3d29800%26order_id%3d132&response_type=code&scope=snsapi_base&state=STATE#wechat_redirect
2017-08-16 13:44:10.136 INFO AllTrustUs.SquirrelPocket.Utility.EmailHelper: 操作已超时。   在 System.Net.Mail.SmtpClient.Send(MailMessage message)
   在 AllTrustUs.SquirrelPocket.Utility.EmailHelper.SendMail(String subject, String body) 位置 d:\Spreadtrum\21.水果\Fruit\SquirrelPocket\SquirrelPocket\Utility\EmailHelper.cs:行号 55
2017-08-16 13:44:13.713 DEBUG WxPayApi: UnfiedOrder request : <xml><appid><![CDATA[wxab45dbde2ce2c914]]></appid><attach><![CDATA[testattach]]></attach><body><![CDATA[松鼠兜兜水果]]></body><goods_tag><![CDATA[testgoods_tag]]></goods_tag><mch_id><![CDATA[1403786202]]></mch_id><nonce_str><![CDATA[079256fb41714208b31e31781cd37095]]></nonce_str><notify_url><![CDATA[http://www.trustus.cn/order/WXPayResult.aspx]]></notify_url><openid><![CDATA[okou5v6zJqXG1dSta-IjgTmxQ-dE]]></openid><out_trade_no><![CDATA[14037862022017081613420043]]></out_trade_no><sign><![CDATA[6535A6DE45E2320D3513493AAA0663AF]]></sign><spbill_create_ip><![CDATA[114.215.186.24]]></spbill_create_ip><time_expire><![CDATA[20170816135413]]></time_expire><time_start><![CDATA[20170816134413]]></time_start><total_fee>1</total_fee><trade_type><![CDATA[JSAPI]]></trade_type></xml>
2017-08-16 13:44:13.932 DEBUG WxPayApi: UnfiedOrder response : <xml><return_code><![CDATA[SUCCESS]]></return_code>
<return_msg><![CDATA[OK]]></return_msg>
<appid><![CDATA[wxab45dbde2ce2c914]]></appid>
<mch_id><![CDATA[1403786202]]></mch_id>
<nonce_str><![CDATA[qSLyJBzfu4M64sJZ]]></nonce_str>
<sign><![CDATA[F5307BAE8713954B84DF33A76BAACA9B]]></sign>
<result_code><![CDATA[SUCCESS]]></result_code>
<prepay_id><![CDATA[wx2017081613441498623f815a0512486478]]></prepay_id>
<trade_type><![CDATA[JSAPI]]></trade_type>
</xml>
2017-08-16 13:44:13.936 DEBUG AllTrustUs.WXPayAPILib.JsApiPay: JsApiPay::GetJsApiParam is processing...
2017-08-16 13:44:13.949 DEBUG AllTrustUs.WXPayAPILib.JsApiPay: Get jsApiParam : {"appId":"wxab45dbde2ce2c914","nonceStr":"6d19d7ccb710429e94ea2c595114a160","package":"prepay_id=wx2017081613441498623f815a0512486478","paySign":"DFFBBA92257B0AFEDEEB992EBF616EA4","signType":"MD5","timeStamp":"1502862254"}
2017-08-16 13:44:13.952 DEBUG ASP.order_wxpay_aspx: wxJsApiParam : {"appId":"wxab45dbde2ce2c914","nonceStr":"6d19d7ccb710429e94ea2c595114a160","package":"prepay_id=wx2017081613441498623f815a0512486478","paySign":"DFFBBA92257B0AFEDEEB992EBF616EA4","signType":"MD5","timeStamp":"1502862254"}
2017-08-16 13:44:13.991 INFO Check AuthorizationCheck Begin: =========2017/08/16 13:44:13
2017-08-16 13:44:13.994 DEBUG ASP.authorizationcheck_aspx: Will Redirect to URL : https://open.weixin.qq.com/connect/oauth2/authorize?appid=wxab45dbde2ce2c914&redirect_uri=http%3a%2f%2flocalhost%2fAuthorizationCheck.aspx%3fActionPage%3d%2fOrder%2fWXPay.aspx%3fopenid%3dokou5v6zJqXG1dSta-IjgTmxQ-dE%26total_fee%3d29800%26order_id%3d133&response_type=code&scope=snsapi_base&state=STATE#wechat_redirect
