2017-11-03 00:31:16.757 INFO Check AuthorizationCheck Begin: =========2017/11/03 00:31:16
2017-11-03 00:31:16.760 DEBUG ASP.authorizationcheck_aspx: Will Redirect to URL : https://open.weixin.qq.com/connect/oauth2/authorize?appid=wxab45dbde2ce2c914&redirect_uri=http%3a%2f%2flocalhost%2fAuthorizationCheck.aspx%3fActionPage%3d%2fOrder%2fCommunityOrderPage.aspx&response_type=code&scope=snsapi_base&state=STATE#wechat_redirect
2017-11-03 00:43:47.466 INFO Check AuthorizationCheck Begin: =========2017/11/03 00:43:47
2017-11-03 00:43:47.467 DEBUG ASP.authorizationcheck_aspx: Will Redirect to URL : https://open.weixin.qq.com/connect/oauth2/authorize?appid=wxab45dbde2ce2c914&redirect_uri=http%3a%2f%2flocalhost%2fAuthorizationCheck.aspx%3fActionPage%3d%2fOrder%2fCommunityOrderPage.aspx&response_type=code&scope=snsapi_base&state=STATE#wechat_redirect
2017-11-03 12:49:42.267 ERROR ASP.global_asax: Application_Error:/Handlers/ManagementHandler.ashx</br>You have an error in your SQL syntax; check the manual that corresponds to your MySQL server version for the right syntax to use near 'ï¼Œ'NotPaid') and fruittype like '%ç¤¾åŒº%'
inner join t_user tu
on tu.openid=' at line 17;MySql.Data;   在 MySql.Data.MySqlClient.MySqlStream.OpenPacket()
   在 MySql.Data.MySqlClient.NativeDriver.ReadResult(UInt64& affectedRows, Int64& lastInsertId)
   在 MySql.Data.MySqlClient.MySqlDataReader.GetResultSet()
   在 MySql.Data.MySqlClient.MySqlDataReader.NextResult()
   在 MySql.Data.MySqlClient.MySqlCommand.ExecuteReader(CommandBehavior behavior)
   在 MySql.Data.MySqlClient.MySqlCommand.ExecuteDbDataReader(CommandBehavior behavior)
   在 System.Data.Common.DbCommand.System.Data.IDbCommand.ExecuteReader(CommandBehavior behavior)
   在 System.Data.Common.DbDataAdapter.FillInternal(DataSet dataset, DataTable[] datatables, Int32 startRecord, Int32 maxRecords, String srcTable, IDbCommand command, CommandBehavior behavior)
   在 System.Data.Common.DbDataAdapter.Fill(DataSet dataSet, Int32 startRecord, Int32 maxRecords, String srcTable, IDbCommand command, CommandBehavior behavior)
   在 System.Data.Common.DbDataAdapter.Fill(DataSet dataSet)
   在 AllTrustUs.SquirrelPocket.Utility.MySqlHelp.ExecuteDataTable(String cmdText, MySqlParameter[] cmdParms) 位置 d:\Spreadtrum\21.水果\Fruit\SquirrelPocket\SquirrelPocket\Utility\MySqlHelp.cs:行号 94
   在 AllTrustUs.SquirrelPocket.Utility.MySqlHelp.ExecuteDataTable(String cmdText) 位置 d:\Spreadtrum\21.水果\Fruit\SquirrelPocket\SquirrelPocket\Utility\MySqlHelp.cs:行号 103
   在 AllTrustUs.SquirrelPocket.Handlers.ManagementHandler.ProcessRequest(HttpContext context) 位置 d:\Spreadtrum\21.水果\Fruit\SquirrelPocket\SquirrelPocket\Handlers\ManagementHandler.ashx.cs:行号 160
   在 System.Web.HttpApplication.CallHandlerExecutionStep.System.Web.HttpApplication.IExecutionStep.Execute()
   在 System.Web.HttpApplication.ExecuteStep(IExecutionStep step, Boolean& completedSynchronously)
2017-11-03 16:04:42.041 ERROR ASP.global_asax: Application_Error:/Handlers/ManagementHandler.ashx</br>Reading from the stream has failed.;MySql.Data;   在 MySql.Data.MySqlClient.MySqlStream.LoadPacket()
   在 MySql.Data.MySqlClient.MySqlStream.OpenPacket()
   在 MySql.Data.MySqlClient.NativeDriver.Open()
   在 MySql.Data.MySqlClient.Driver.Create(MySqlConnectionStringBuilder settings)
   在 MySql.Data.MySqlClient.MySqlPool.GetPooledConnection()
   在 MySql.Data.MySqlClient.MySqlPool.GetConnection()
   在 MySql.Data.MySqlClient.MySqlConnection.Open()
   在 AllTrustUs.SquirrelPocket.Utility.MySqlHelp.PrepareCommand(MySqlCommand cmd, MySqlConnection conn, String cmdText, MySqlParameter[] cmdParms) 位置 d:\Spreadtrum\21.水果\Fruit\SquirrelPocket\SquirrelPocket\Utility\MySqlHelp.cs:行号 23
   在 AllTrustUs.SquirrelPocket.Utility.MySqlHelp.ExecuteDataTable(String cmdText, MySqlParameter[] cmdParms) 位置 d:\Spreadtrum\21.水果\Fruit\SquirrelPocket\SquirrelPocket\Utility\MySqlHelp.cs:行号 90
   在 AllTrustUs.SquirrelPocket.Utility.MySqlHelp.ExecuteDataTable(String cmdText) 位置 d:\Spreadtrum\21.水果\Fruit\SquirrelPocket\SquirrelPocket\Utility\MySqlHelp.cs:行号 103
   在 AllTrustUs.SquirrelPocket.Handlers.ManagementHandler.ProcessRequest(HttpContext context) 位置 d:\Spreadtrum\21.水果\Fruit\SquirrelPocket\SquirrelPocket\Handlers\ManagementHandler.ashx.cs:行号 162
   在 System.Web.HttpApplication.CallHandlerExecutionStep.System.Web.HttpApplication.IExecutionStep.Execute()
   在 System.Web.HttpApplication.ExecuteStep(IExecutionStep step, Boolean& completedSynchronously)
2017-11-03 16:04:52.804 ERROR ASP.global_asax: Application_Error:/Handlers/ManagementHandler.ashx</br>未将对象引用设置到对象的实例。;AllTrustUs.SquirrelPocket;   在 AllTrustUs.SquirrelPocket.Handlers.ManagementHandler.ProcessRequest(HttpContext context) 位置 d:\Spreadtrum\21.水果\Fruit\SquirrelPocket\SquirrelPocket\Handlers\ManagementHandler.ashx.cs:行号 21
   在 System.Web.HttpApplication.CallHandlerExecutionStep.System.Web.HttpApplication.IExecutionStep.Execute()
   在 System.Web.HttpApplication.ExecuteStep(IExecutionStep step, Boolean& completedSynchronously)
2017-11-03 16:05:25.077 ERROR ASP.global_asax: Application_Error:/Handlers/ManagementHandler.ashx</br>Reading from the stream has failed.;MySql.Data;   在 MySql.Data.MySqlClient.MySqlStream.LoadPacket()
   在 MySql.Data.MySqlClient.MySqlStream.OpenPacket()
   在 MySql.Data.MySqlClient.NativeDriver.Open()
   在 MySql.Data.MySqlClient.Driver.Create(MySqlConnectionStringBuilder settings)
   在 MySql.Data.MySqlClient.MySqlPool.GetPooledConnection()
   在 MySql.Data.MySqlClient.MySqlPool.GetConnection()
   在 MySql.Data.MySqlClient.MySqlConnection.Open()
   在 AllTrustUs.SquirrelPocket.Utility.MySqlHelp.PrepareCommand(MySqlCommand cmd, MySqlConnection conn, String cmdText, MySqlParameter[] cmdParms) 位置 d:\Spreadtrum\21.水果\Fruit\SquirrelPocket\SquirrelPocket\Utility\MySqlHelp.cs:行号 23
   在 AllTrustUs.SquirrelPocket.Utility.MySqlHelp.ExecuteDataTable(String cmdText, MySqlParameter[] cmdParms) 位置 d:\Spreadtrum\21.水果\Fruit\SquirrelPocket\SquirrelPocket\Utility\MySqlHelp.cs:行号 90
   在 AllTrustUs.SquirrelPocket.Utility.MySqlHelp.ExecuteDataTable(String cmdText) 位置 d:\Spreadtrum\21.水果\Fruit\SquirrelPocket\SquirrelPocket\Utility\MySqlHelp.cs:行号 103
   在 AllTrustUs.SquirrelPocket.Handlers.ManagementHandler.ProcessRequest(HttpContext context) 位置 d:\Spreadtrum\21.水果\Fruit\SquirrelPocket\SquirrelPocket\Handlers\ManagementHandler.ashx.cs:行号 162
   在 System.Web.HttpApplication.CallHandlerExecutionStep.System.Web.HttpApplication.IExecutionStep.Execute()
   在 System.Web.HttpApplication.ExecuteStep(IExecutionStep step, Boolean& completedSynchronously)
2017-11-03 16:06:42.179 ERROR ASP.global_asax: Application_Error:/Handlers/ManagementHandler.ashx</br>Reading from the stream has failed.;MySql.Data;   在 MySql.Data.MySqlClient.MySqlStream.LoadPacket()
   在 MySql.Data.MySqlClient.MySqlStream.OpenPacket()
   在 MySql.Data.MySqlClient.NativeDriver.Open()
   在 MySql.Data.MySqlClient.Driver.Create(MySqlConnectionStringBuilder settings)
   在 MySql.Data.MySqlClient.MySqlPool.GetPooledConnection()
   在 MySql.Data.MySqlClient.MySqlPool.GetConnection()
   在 MySql.Data.MySqlClient.MySqlConnection.Open()
   在 AllTrustUs.SquirrelPocket.Utility.MySqlHelp.PrepareCommand(MySqlCommand cmd, MySqlConnection conn, String cmdText, MySqlParameter[] cmdParms) 位置 d:\Spreadtrum\21.水果\Fruit\SquirrelPocket\SquirrelPocket\Utility\MySqlHelp.cs:行号 23
   在 AllTrustUs.SquirrelPocket.Utility.MySqlHelp.ExecuteDataTable(String cmdText, MySqlParameter[] cmdParms) 位置 d:\Spreadtrum\21.水果\Fruit\SquirrelPocket\SquirrelPocket\Utility\MySqlHelp.cs:行号 90
   在 AllTrustUs.SquirrelPocket.Utility.MySqlHelp.ExecuteDataTable(String cmdText) 位置 d:\Spreadtrum\21.水果\Fruit\SquirrelPocket\SquirrelPocket\Utility\MySqlHelp.cs:行号 103
   在 AllTrustUs.SquirrelPocket.Handlers.ManagementHandler.ProcessRequest(HttpContext context) 位置 d:\Spreadtrum\21.水果\Fruit\SquirrelPocket\SquirrelPocket\Handlers\ManagementHandler.ashx.cs:行号 162
   在 System.Web.HttpApplication.CallHandlerExecutionStep.System.Web.HttpApplication.IExecutionStep.Execute()
   在 System.Web.HttpApplication.ExecuteStep(IExecutionStep step, Boolean& completedSynchronously)
2017-11-03 16:21:58.394 ERROR ASP.global_asax: Application_Error:/Handlers/ManagementHandler.ashx</br>Reading from the stream has failed.;MySql.Data;   在 MySql.Data.MySqlClient.MySqlStream.LoadPacket()
   在 MySql.Data.MySqlClient.MySqlStream.OpenPacket()
   在 MySql.Data.MySqlClient.NativeDriver.Open()
   在 MySql.Data.MySqlClient.Driver.Create(MySqlConnectionStringBuilder settings)
   在 MySql.Data.MySqlClient.MySqlPool.GetPooledConnection()
   在 MySql.Data.MySqlClient.MySqlPool.GetConnection()
   在 MySql.Data.MySqlClient.MySqlConnection.Open()
   在 AllTrustUs.SquirrelPocket.Utility.MySqlHelp.PrepareCommand(MySqlCommand cmd, MySqlConnection conn, String cmdText, MySqlParameter[] cmdParms) 位置 d:\Spreadtrum\21.水果\Fruit\SquirrelPocket\SquirrelPocket\Utility\MySqlHelp.cs:行号 23
   在 AllTrustUs.SquirrelPocket.Utility.MySqlHelp.ExecuteDataTable(String cmdText, MySqlParameter[] cmdParms) 位置 d:\Spreadtrum\21.水果\Fruit\SquirrelPocket\SquirrelPocket\Utility\MySqlHelp.cs:行号 90
   在 AllTrustUs.SquirrelPocket.Utility.MySqlHelp.ExecuteDataTable(String cmdText) 位置 d:\Spreadtrum\21.水果\Fruit\SquirrelPocket\SquirrelPocket\Utility\MySqlHelp.cs:行号 103
   在 AllTrustUs.SquirrelPocket.Handlers.ManagementHandler.ProcessRequest(HttpContext context) 位置 d:\Spreadtrum\21.水果\Fruit\SquirrelPocket\SquirrelPocket\Handlers\ManagementHandler.ashx.cs:行号 162
   在 System.Web.HttpApplication.CallHandlerExecutionStep.System.Web.HttpApplication.IExecutionStep.Execute()
   在 System.Web.HttpApplication.ExecuteStep(IExecutionStep step, Boolean& completedSynchronously)
2017-11-03 16:22:54.582 ERROR ASP.global_asax: Application_Error:/Handlers/ManagementHandler.ashx</br>Reading from the stream has failed.;MySql.Data;   在 MySql.Data.MySqlClient.MySqlStream.LoadPacket()
   在 MySql.Data.MySqlClient.MySqlStream.OpenPacket()
   在 MySql.Data.MySqlClient.NativeDriver.Open()
   在 MySql.Data.MySqlClient.Driver.Create(MySqlConnectionStringBuilder settings)
   在 MySql.Data.MySqlClient.MySqlPool.GetPooledConnection()
   在 MySql.Data.MySqlClient.MySqlPool.GetConnection()
   在 MySql.Data.MySqlClient.MySqlConnection.Open()
   在 AllTrustUs.SquirrelPocket.Utility.MySqlHelp.PrepareCommand(MySqlCommand cmd, MySqlConnection conn, String cmdText, MySqlParameter[] cmdParms) 位置 d:\Spreadtrum\21.水果\Fruit\SquirrelPocket\SquirrelPocket\Utility\MySqlHelp.cs:行号 23
   在 AllTrustUs.SquirrelPocket.Utility.MySqlHelp.ExecuteDataTable(String cmdText, MySqlParameter[] cmdParms) 位置 d:\Spreadtrum\21.水果\Fruit\SquirrelPocket\SquirrelPocket\Utility\MySqlHelp.cs:行号 90
   在 AllTrustUs.SquirrelPocket.Utility.MySqlHelp.ExecuteDataTable(String cmdText) 位置 d:\Spreadtrum\21.水果\Fruit\SquirrelPocket\SquirrelPocket\Utility\MySqlHelp.cs:行号 103
   在 AllTrustUs.SquirrelPocket.Handlers.ManagementHandler.ProcessRequest(HttpContext context) 位置 d:\Spreadtrum\21.水果\Fruit\SquirrelPocket\SquirrelPocket\Handlers\ManagementHandler.ashx.cs:行号 162
   在 System.Web.HttpApplication.CallHandlerExecutionStep.System.Web.HttpApplication.IExecutionStep.Execute()
   在 System.Web.HttpApplication.ExecuteStep(IExecutionStep step, Boolean& completedSynchronously)
2017-11-03 16:24:03.581 ERROR ASP.global_asax: Application_Error:/Handlers/ManagementHandler.ashx</br>Unable to connect to any of the specified MySQL hosts.;MySql.Data;   在 MySql.Data.MySqlClient.NativeDriver.Open()
   在 MySql.Data.MySqlClient.Driver.Create(MySqlConnectionStringBuilder settings)
   在 MySql.Data.MySqlClient.MySqlPool.GetPooledConnection()
   在 MySql.Data.MySqlClient.MySqlPool.GetConnection()
   在 MySql.Data.MySqlClient.MySqlConnection.Open()
   在 AllTrustUs.SquirrelPocket.Utility.MySqlHelp.PrepareCommand(MySqlCommand cmd, MySqlConnection conn, String cmdText, MySqlParameter[] cmdParms) 位置 d:\Spreadtrum\21.水果\Fruit\SquirrelPocket\SquirrelPocket\Utility\MySqlHelp.cs:行号 23
   在 AllTrustUs.SquirrelPocket.Utility.MySqlHelp.ExecuteDataTable(String cmdText, MySqlParameter[] cmdParms) 位置 d:\Spreadtrum\21.水果\Fruit\SquirrelPocket\SquirrelPocket\Utility\MySqlHelp.cs:行号 90
   在 AllTrustUs.SquirrelPocket.Utility.MySqlHelp.ExecuteDataTable(String cmdText) 位置 d:\Spreadtrum\21.水果\Fruit\SquirrelPocket\SquirrelPocket\Utility\MySqlHelp.cs:行号 103
   在 AllTrustUs.SquirrelPocket.Handlers.ManagementHandler.ProcessRequest(HttpContext context) 位置 d:\Spreadtrum\21.水果\Fruit\SquirrelPocket\SquirrelPocket\Handlers\ManagementHandler.ashx.cs:行号 162
   在 System.Web.HttpApplication.CallHandlerExecutionStep.System.Web.HttpApplication.IExecutionStep.Execute()
   在 System.Web.HttpApplication.ExecuteStep(IExecutionStep step, Boolean& completedSynchronously)
2017-11-03 16:24:07.239 ERROR ASP.global_asax: Application_Error:/Handlers/ManagementHandler.ashx</br>Unable to connect to any of the specified MySQL hosts.;MySql.Data;   在 MySql.Data.MySqlClient.NativeDriver.Open()
   在 MySql.Data.MySqlClient.Driver.Create(MySqlConnectionStringBuilder settings)
   在 MySql.Data.MySqlClient.MySqlPool.GetPooledConnection()
   在 MySql.Data.MySqlClient.MySqlPool.GetConnection()
   在 MySql.Data.MySqlClient.MySqlConnection.Open()
   在 AllTrustUs.SquirrelPocket.Utility.MySqlHelp.PrepareCommand(MySqlCommand cmd, MySqlConnection conn, String cmdText, MySqlParameter[] cmdParms) 位置 d:\Spreadtrum\21.水果\Fruit\SquirrelPocket\SquirrelPocket\Utility\MySqlHelp.cs:行号 23
   在 AllTrustUs.SquirrelPocket.Utility.MySqlHelp.ExecuteDataTable(String cmdText, MySqlParameter[] cmdParms) 位置 d:\Spreadtrum\21.水果\Fruit\SquirrelPocket\SquirrelPocket\Utility\MySqlHelp.cs:行号 90
   在 AllTrustUs.SquirrelPocket.Utility.MySqlHelp.ExecuteDataTable(String cmdText) 位置 d:\Spreadtrum\21.水果\Fruit\SquirrelPocket\SquirrelPocket\Utility\MySqlHelp.cs:行号 103
   在 AllTrustUs.SquirrelPocket.Handlers.ManagementHandler.ProcessRequest(HttpContext context) 位置 d:\Spreadtrum\21.水果\Fruit\SquirrelPocket\SquirrelPocket\Handlers\ManagementHandler.ashx.cs:行号 162
   在 System.Web.HttpApplication.CallHandlerExecutionStep.System.Web.HttpApplication.IExecutionStep.Execute()
   在 System.Web.HttpApplication.ExecuteStep(IExecutionStep step, Boolean& completedSynchronously)
2017-11-03 16:26:57.315 ERROR ASP.global_asax: Application_Error:/Handlers/ManagementHandler.ashx</br>Reading from the stream has failed.;MySql.Data;   在 MySql.Data.MySqlClient.MySqlStream.LoadPacket()
   在 MySql.Data.MySqlClient.MySqlStream.OpenPacket()
   在 MySql.Data.MySqlClient.NativeDriver.Open()
   在 MySql.Data.MySqlClient.Driver.Create(MySqlConnectionStringBuilder settings)
   在 MySql.Data.MySqlClient.MySqlPool.CreateNewPooledConnection()
   在 MySql.Data.MySqlClient.MySqlPool.GetPooledConnection()
   在 MySql.Data.MySqlClient.MySqlPool.GetConnection()
   在 MySql.Data.MySqlClient.MySqlConnection.Open()
   在 AllTrustUs.SquirrelPocket.Utility.MySqlHelp.PrepareCommand(MySqlCommand cmd, MySqlConnection conn, String cmdText, MySqlParameter[] cmdParms) 位置 d:\Spreadtrum\21.水果\Fruit\SquirrelPocket\SquirrelPocket\Utility\MySqlHelp.cs:行号 23
   在 AllTrustUs.SquirrelPocket.Utility.MySqlHelp.ExecuteDataTable(String cmdText, MySqlParameter[] cmdParms) 位置 d:\Spreadtrum\21.水果\Fruit\SquirrelPocket\SquirrelPocket\Utility\MySqlHelp.cs:行号 90
   在 AllTrustUs.SquirrelPocket.Utility.MySqlHelp.ExecuteDataTable(String cmdText) 位置 d:\Spreadtrum\21.水果\Fruit\SquirrelPocket\SquirrelPocket\Utility\MySqlHelp.cs:行号 103
   在 AllTrustUs.SquirrelPocket.Handlers.ManagementHandler.ProcessRequest(HttpContext context) 位置 d:\Spreadtrum\21.水果\Fruit\SquirrelPocket\SquirrelPocket\Handlers\ManagementHandler.ashx.cs:行号 162
   在 System.Web.HttpApplication.CallHandlerExecutionStep.System.Web.HttpApplication.IExecutionStep.Execute()
   在 System.Web.HttpApplication.ExecuteStep(IExecutionStep step, Boolean& completedSynchronously)
2017-11-03 16:28:08.814 ERROR ASP.global_asax: Application_Error:/Handlers/ManagementHandler.ashx</br>Reading from the stream has failed.;MySql.Data;   在 MySql.Data.MySqlClient.MySqlStream.LoadPacket()
   在 MySql.Data.MySqlClient.MySqlStream.OpenPacket()
   在 MySql.Data.MySqlClient.NativeDriver.Open()
   在 MySql.Data.MySqlClient.Driver.Create(MySqlConnectionStringBuilder settings)
   在 MySql.Data.MySqlClient.MySqlPool.GetPooledConnection()
   在 MySql.Data.MySqlClient.MySqlPool.GetConnection()
   在 MySql.Data.MySqlClient.MySqlConnection.Open()
   在 AllTrustUs.SquirrelPocket.Utility.MySqlHelp.PrepareCommand(MySqlCommand cmd, MySqlConnection conn, String cmdText, MySqlParameter[] cmdParms) 位置 d:\Spreadtrum\21.水果\Fruit\SquirrelPocket\SquirrelPocket\Utility\MySqlHelp.cs:行号 23
   在 AllTrustUs.SquirrelPocket.Utility.MySqlHelp.ExecuteDataTable(String cmdText, MySqlParameter[] cmdParms) 位置 d:\Spreadtrum\21.水果\Fruit\SquirrelPocket\SquirrelPocket\Utility\MySqlHelp.cs:行号 90
   在 AllTrustUs.SquirrelPocket.Utility.MySqlHelp.ExecuteDataTable(String cmdText) 位置 d:\Spreadtrum\21.水果\Fruit\SquirrelPocket\SquirrelPocket\Utility\MySqlHelp.cs:行号 103
   在 AllTrustUs.SquirrelPocket.Handlers.ManagementHandler.ProcessRequest(HttpContext context) 位置 d:\Spreadtrum\21.水果\Fruit\SquirrelPocket\SquirrelPocket\Handlers\ManagementHandler.ashx.cs:行号 162
   在 System.Web.HttpApplication.CallHandlerExecutionStep.System.Web.HttpApplication.IExecutionStep.Execute()
   在 System.Web.HttpApplication.ExecuteStep(IExecutionStep step, Boolean& completedSynchronously)
2017-11-03 17:20:57.131 INFO Check AuthorizationCheck Begin: =========2017/11/03 17:20:57
2017-11-03 17:20:57.155 DEBUG ASP.authorizationcheck_aspx: Will Redirect to URL : https://open.weixin.qq.com/connect/oauth2/authorize?appid=wxab45dbde2ce2c914&redirect_uri=http%3a%2f%2flocalhost%2fAuthorizationCheck.aspx%3fActionPage%3d%2fOrder%2fSquirrelOrderPage.aspx&response_type=code&scope=snsapi_base&state=STATE#wechat_redirect
2017-11-03 17:32:05.229 INFO AllTrustUs.SquirrelPocket.Utility.EmailHelper: 操作已超时。   在 System.Net.Mail.SmtpClient.Send(MailMessage message)
   在 AllTrustUs.SquirrelPocket.Utility.EmailHelper.SendMail(String subject, String body) 位置 d:\Spreadtrum\21.水果\Fruit\SquirrelPocket\SquirrelPocket\Utility\EmailHelper.cs:行号 55
2017-11-03 17:32:05.293 INFO Check AuthorizationCheck Begin: =========2017/11/03 17:32:05
2017-11-03 17:32:05.294 DEBUG ASP.authorizationcheck_aspx: Will Redirect to URL : https://open.weixin.qq.com/connect/oauth2/authorize?appid=wxab45dbde2ce2c914&redirect_uri=http%3a%2f%2flocalhost%2fAuthorizationCheck.aspx%3fActionPage%3d%2fOrder%2fCartPage.aspx&response_type=code&scope=snsapi_base&state=STATE#wechat_redirect
2017-11-03 17:32:11.020 INFO Check AuthorizationCheck Begin: =========2017/11/03 17:32:11
2017-11-03 17:32:11.021 DEBUG ASP.authorizationcheck_aspx: Will Redirect to URL : https://open.weixin.qq.com/connect/oauth2/authorize?appid=wxab45dbde2ce2c914&redirect_uri=http%3a%2f%2flocalhost%2fAuthorizationCheck.aspx%3fActionPage%3d%2fOrder%2fCartPage.aspx&response_type=code&scope=snsapi_base&state=STATE#wechat_redirect
